Performing C SOURCE FILE Test CMAKE_HAVE_LIBC_PTHREAD failed with the following output:
Change Dir: /home/aditya/Fire-fighting-drones/build/hector_quadrotor_model/CMakeFiles/CMakeTmp

Run Build Command(s):/usr/bin/make -f Makefile cmTC_7c7df/fast && /usr/bin/make  -f CMakeFiles/cmTC_7c7df.dir/build.make CMakeFiles/cmTC_7c7df.dir/build
make[1]: Entering directory '/home/aditya/Fire-fighting-drones/build/hector_quadrotor_model/CMakeFiles/CMakeTmp'
Building C object CMakeFiles/cmTC_7c7df.dir/src.c.o
/usr/bin/cc -DCMAKE_HAVE_LIBC_PTHREAD   -o CMakeFiles/cmTC_7c7df.dir/src.c.o -c /home/aditya/Fire-fighting-drones/build/hector_quadrotor_model/CMakeFiles/CMakeTmp/src.c
Linking C executable cmTC_7c7df
/home/aditya/cmake-install/bin/cmake -E cmake_link_script CMakeFiles/cmTC_7c7df.dir/link.txt --verbose=1
/usr/bin/cc -rdynamic CMakeFiles/cmTC_7c7df.dir/src.c.o -o cmTC_7c7df 
/usr/bin/ld: CMakeFiles/cmTC_7c7df.dir/src.c.o: in function `main':
src.c:(.text+0x46): undefined reference to `pthread_create'
/usr/bin/ld: src.c:(.text+0x52): undefined reference to `pthread_detach'
/usr/bin/ld: src.c:(.text+0x5e): undefined reference to `pthread_cancel'
/usr/bin/ld: src.c:(.text+0x6f): undefined reference to `pthread_join'
collect2: error: ld returned 1 exit status
make[1]: *** [CMakeFiles/cmTC_7c7df.dir/build.make:99: cmTC_7c7df] Error 1
make[1]: Leaving directory '/home/aditya/Fire-fighting-drones/build/hector_quadrotor_model/CMakeFiles/CMakeTmp'
make: *** [Makefile:127: cmTC_7c7df/fast] Error 2


Source file was:
#include <pthread.h>

static void* test_func(void* data)
{
  return data;
}

int main(void)
{
  pthread_t thread;
  pthread_create(&thread, NULL, test_func, NULL);
  pthread_detach(thread);
  pthread_cancel(thread);
  pthread_join(thread, NULL);
  pthread_atfork(NULL, NULL, NULL);
  pthread_exit(NULL);

  return 0;
}

Determining if the function pthread_create exists in the pthreads failed with the following output:
Change Dir: /home/aditya/Fire-fighting-drones/build/hector_quadrotor_model/CMakeFiles/CMakeTmp

Run Build Command(s):/usr/bin/make -f Makefile cmTC_69795/fast && /usr/bin/make  -f CMakeFiles/cmTC_69795.dir/build.make CMakeFiles/cmTC_69795.dir/build
make[1]: Entering directory '/home/aditya/Fire-fighting-drones/build/hector_quadrotor_model/CMakeFiles/CMakeTmp'
Building C object CMakeFiles/cmTC_69795.dir/CheckFunctionExists.c.o
/usr/bin/cc   -DCHECK_FUNCTION_EXISTS=pthread_create -o CMakeFiles/cmTC_69795.dir/CheckFunctionExists.c.o -c /home/aditya/cmake-install/share/cmake-3.22/Modules/CheckFunctionExists.c
Linking C executable cmTC_69795
/home/aditya/cmake-install/bin/cmake -E cmake_link_script CMakeFiles/cmTC_69795.dir/link.txt --verbose=1
/usr/bin/cc  -DCHECK_FUNCTION_EXISTS=pthread_create -rdynamic CMakeFiles/cmTC_69795.dir/CheckFunctionExists.c.o -o cmTC_69795  -lpthreads 
/usr/bin/ld: cannot find -lpthreads
collect2: error: ld returned 1 exit status
make[1]: *** [CMakeFiles/cmTC_69795.dir/build.make:99: cmTC_69795] Error 1
make[1]: Leaving directory '/home/aditya/Fire-fighting-drones/build/hector_quadrotor_model/CMakeFiles/CMakeTmp'
make: *** [Makefile:127: cmTC_69795/fast] Error 2



